<?xml version="1.0" encoding="UTF-8"?>
<!-- Generated by org.testng.reporters.JUnitReportReporter -->
<testsuite hostname="LAPTOP-KQEP0MCP" failures="0" tests="1" name="com.test.API8AMWDTest.PostReq" time="1.838" errors="0" timestamp="2023-06-07T08:53:38 IST" skipped="0">
  <testcase classname="com.test.API8AMWDTest.PostReq" name="test_CreateUserUsingPojo" time="1.838"/>
  <system-out/>
</testsuite> <!-- com.test.API8AMWDTest.PostReq -->
