<?xml version="1.0" encoding="UTF-8"?>
<!-- Generated by org.testng.reporters.JUnitReportReporter -->
<testsuite hostname="LAPTOP-KQEP0MCP" failures="0" tests="1" name="com.test.API8AMWDTest.GetAPI" time="1.757" errors="0" timestamp="2023-06-04T08:36:30 IST" skipped="0">
  <testcase classname="com.test.API8AMWDTest.GetAPI" name="test_singleUserAPi" time="1.757"/>
  <system-out/>
</testsuite> <!-- com.test.API8AMWDTest.GetAPI -->
