<?xml version="1.0" encoding="UTF-8"?>
<!-- Generated by org.testng.reporters.JUnitReportReporter -->
<testsuite hostname="LAPTOP-KQEP0MCP" failures="0" tests="1" name="employeeApiTest.EmployeeApiTests" time="1.382" errors="0" timestamp="2023-05-12T06:41:55 IST" skipped="0">
  <testcase classname="employeeApiTest.EmployeeApiTests" name="getAnEmployee" time="1.382"/>
  <system-out/>
</testsuite> <!-- employeeApiTest.EmployeeApiTests -->
