<?xml version="1.0" encoding="UTF-8"?>
<!-- Generated by org.testng.reporters.JUnitReportReporter -->
<testsuite hostname="LAPTOP-KQEP0MCP" failures="0" tests="2" name="testpackages.SampleSel" time="20.967" errors="0" timestamp="2023-05-13T08:48:54 IST" skipped="0">
  <testcase classname="testpackages.SampleSel" name="handleCalenders" time="6.487"/>
  <system-out/>
  <testcase classname="testpackages.SampleSel" name="seleniumwaits" time="14.480"/>
  <system-out/>
</testsuite> <!-- testpackages.SampleSel -->
